Vendor added 2 tickets. Current pool size: 2
Vendor added 2 tickets. Current pool size: 4
Vendor added 2 tickets. Current pool size: 6
Customer purchased 5 tickets. Current pool size: 1
Vendor added 2 tickets. Current pool size: 3
Vendor added 2 tickets. Current pool size: 5
Customer purchased 5 tickets. Current pool size: 0
Vendor added 2 tickets. Current pool size: 2
Vendor added 2 tickets. Current pool size: 4
Vendor added 2 tickets. Current pool size: 6
Customer purchased 5 tickets. Current pool size: 1
Vendor added 2 tickets. Current pool size: 3
Vendor added 2 tickets. Current pool size: 5
Customer purchased 5 tickets. Current pool size: 0
Vendor added 2 tickets. Current pool size: 2
Vendor added 2 tickets. Current pool size: 4
Vendor added 2 tickets. Current pool size: 6
Customer purchased 5 tickets. Current pool size: 1
Vendor added 8 tickets. Current pool size: 8
Customer purchased 7 tickets. Current pool size: 1
Vendor added 8 tickets. Current pool size: 9
Customer purchased 7 tickets. Current pool size: 2
Vendor added 8 tickets. Current pool size: 10
Customer purchased 7 tickets. Current pool size: 3
Vendor added 8 tickets. Current pool size: 11
Customer purchased 7 tickets. Current pool size: 4
Vendor added 8 tickets. Current pool size: 12
Customer purchased 7 tickets. Current pool size: 5
Vendor added 8 tickets. Current pool size: 13
Customer purchased 7 tickets. Current pool size: 6
Vendor added 8 tickets. Current pool size: 14
Customer purchased 7 tickets. Current pool size: 7
Customer purchased 7 tickets. Current pool size: 0
Vendor added 8 tickets. Current pool size: 8
Customer purchased 7 tickets. Current pool size: 1
Vendor added 8 tickets. Current pool size: 9
Vendor added 8 tickets. Current pool size: 17
Customer purchased 7 tickets. Current pool size: 10
Vendor added 8 tickets. Current pool size: 18
Customer purchased 7 tickets. Current pool size: 11
Vendor added 8 tickets. Current pool size: 19
Customer purchased 7 tickets. Current pool size: 12
Vendor added 8 tickets. Current pool size: 20
Customer purchased 7 tickets. Current pool size: 13
Vendor added 8 tickets. Current pool size: 21
Customer purchased 7 tickets. Current pool size: 14
Vendor added 8 tickets. Current pool size: 22
Customer purchased 7 tickets. Current pool size: 15
Vendor added 8 tickets. Current pool size: 23
Customer purchased 7 tickets. Current pool size: 16
Vendor added 5 tickets. Current pool size: 5
Customer purchased 3 tickets. Current pool size: 2
Vendor added 5 tickets. Current pool size: 7
Customer purchased 3 tickets. Current pool size: 4
Customer purchased 3 tickets. Current pool size: 1
Vendor added 5 tickets. Current pool size: 6
Customer purchased 3 tickets. Current pool size: 3
Vendor added 5 tickets. Current pool size: 8
Vendor added 5 tickets. Current pool size: 13
Customer purchased 3 tickets. Current pool size: 10
Vendor added 5 tickets. Current pool size: 15
Customer purchased 3 tickets. Current pool size: 12
Vendor added 8 tickets. Current pool size: 8
Customer purchased 4 tickets. Current pool size: 4
Customer purchased 4 tickets. Current pool size: 0
Vendor added 8 tickets. Current pool size: 8
Customer purchased 4 tickets. Current pool size: 4
Customer purchased 4 tickets. Current pool size: 0
Vendor added 8 tickets. Current pool size: 8
Customer purchased 4 tickets. Current pool size: 4
Customer purchased 4 tickets. Current pool size: 0
Vendor added 8 tickets. Current pool size: 8
Customer purchased 4 tickets. Current pool size: 4
Customer purchased 4 tickets. Current pool size: 0
Vendor added 8 tickets. Current pool size: 8
Customer purchased 4 tickets. Current pool size: 4
Customer purchased 4 tickets. Current pool size: 0
Vendor added 8 tickets. Current pool size: 8
Customer purchased 4 tickets. Current pool size: 4
Customer purchased 4 tickets. Current pool size: 0
Vendor added 8 tickets. Current pool size: 8
Customer purchased 4 tickets. Current pool size: 4
Customer purchased 4 tickets. Current pool size: 0
Vendor added 8 tickets. Current pool size: 8
Customer purchased 4 tickets. Current pool size: 4
Customer purchased 4 tickets. Current pool size: 0
Vendor added 8 tickets. Current pool size: 8
Customer purchased 4 tickets. Current pool size: 4
Vendor added 10 tickets. Current pool size: 10
Customer purchased 5 tickets. Current pool size: 5
Vendor added 10 tickets. Current pool size: 15
Customer purchased 5 tickets. Current pool size: 10
Vendor added 10 tickets. Current pool size: 20
Customer purchased 5 tickets. Current pool size: 15
Vendor added 10 tickets. Current pool size: 25
Customer purchased 5 tickets. Current pool size: 20
Vendor added 10 tickets. Current pool size: 30
Customer purchased 5 tickets. Current pool size: 25
Vendor added 6 tickets. Current pool size: 6
Customer purchased 4 tickets. Current pool size: 2
Vendor added 6 tickets. Current pool size: 8
Customer purchased 4 tickets. Current pool size: 4
Customer purchased 4 tickets. Current pool size: 0
Vendor added 6 tickets. Current pool size: 6
Customer purchased 4 tickets. Current pool size: 2
Vendor added 6 tickets. Current pool size: 8
Vendor added 6 tickets. Current pool size: 14
Customer purchased 4 tickets. Current pool size: 10
Vendor added 6 tickets. Current pool size: 16
Customer purchased 4 tickets. Current pool size: 12
Vendor added 6 tickets. Current pool size: 18
Customer purchased 4 tickets. Current pool size: 14
Vendor added 6 tickets. Current pool size: 20
Customer purchased 4 tickets. Current pool size: 16
Vendor added 5 tickets. Current pool size: 5
Vendor added 5 tickets. Current pool size: 10
Customer purchased 8 tickets. Current pool size: 2
Vendor added 5 tickets. Current pool size: 7
Vendor added 5 tickets. Current pool size: 12
Customer purchased 8 tickets. Current pool size: 4
Vendor added 5 tickets. Current pool size: 9
Customer purchased 8 tickets. Current pool size: 1
Vendor added 8 tickets. Current pool size: 8
Vendor added 8 tickets. Current pool size: 16
Customer purchased 10 tickets. Current pool size: 6
Vendor added 8 tickets. Current pool size: 14
Customer purchased 10 tickets. Current pool size: 4
Vendor added 8 tickets. Current pool size: 12
Customer purchased 10 tickets. Current pool size: 2
Vendor added 8 tickets. Current pool size: 10
Customer purchased 10 tickets. Current pool size: 0
Vendor added 8 tickets. Current pool size: 8
Vendor added 8 tickets. Current pool size: 16
Customer purchased 10 tickets. Current pool size: 6
Vendor added 8 tickets. Current pool size: 14
Customer purchased 10 tickets. Current pool size: 4
Vendor added 6 tickets. Current pool size: 6
Customer purchased 2 tickets. Current pool size: 4
Customer purchased 2 tickets. Current pool size: 2
Vendor added 6 tickets. Current pool size: 8
Customer purchased 2 tickets. Current pool size: 6
Vendor added 6 tickets. Current pool size: 12
Customer purchased 2 tickets. Current pool size: 10
Vendor added 6 tickets. Current pool size: 16
Customer purchased 2 tickets. Current pool size: 14
Vendor added 6 tickets. Current pool size: 20
Vendor added 6 tickets. Current pool size: 26
Customer purchased 2 tickets. Current pool size: 24
Vendor added 10 tickets. Current pool size: 10
Customer purchased 5 tickets. Current pool size: 5
Vendor added 10 tickets. Current pool size: 15
Customer purchased 5 tickets. Current pool size: 10
Vendor added 10 tickets. Current pool size: 20
Customer purchased 5 tickets. Current pool size: 15
Vendor added 10 tickets. Current pool size: 25
Customer purchased 5 tickets. Current pool size: 20
Vendor added 10 tickets. Current pool size: 30
Customer purchased 5 tickets. Current pool size: 25
Vendor added 10 tickets. Current pool size: 35
Customer purchased 5 tickets. Current pool size: 30
Vendor added 10 tickets. Current pool size: 40
Customer purchased 5 tickets. Current pool size: 35
Customer purchased 5 tickets. Current pool size: 30
Vendor added 10 tickets. Current pool size: 40
Customer purchased 5 tickets. Current pool size: 35
Customer purchased 5 tickets. Current pool size: 30
Vendor added 10 tickets. Current pool size: 40
Customer purchased 5 tickets. Current pool size: 35
Customer purchased 5 tickets. Current pool size: 30
Vendor added 10 tickets. Current pool size: 40
Customer purchased 5 tickets. Current pool size: 35
Customer purchased 5 tickets. Current pool size: 30
Vendor added 10 tickets. Current pool size: 40
Customer purchased 5 tickets. Current pool size: 35
Customer purchased 5 tickets. Current pool size: 30
Vendor added 10 tickets. Current pool size: 40
Customer purchased 5 tickets. Current pool size: 35
Customer purchased 5 tickets. Current pool size: 30
Vendor added 10 tickets. Current pool size: 40
Vendor added 10 tickets. Current pool size: 10
Customer purchased 5 tickets. Current pool size: 5
Vendor added 10 tickets. Current pool size: 15
Customer purchased 5 tickets. Current pool size: 10
Vendor added 10 tickets. Current pool size: 20
Customer purchased 5 tickets. Current pool size: 15
Vendor added 10 tickets. Current pool size: 25
Customer purchased 5 tickets. Current pool size: 20
Vendor added 10 tickets. Current pool size: 30
Customer purchased 5 tickets. Current pool size: 25
Vendor added 10 tickets. Current pool size: 35
Customer purchased 5 tickets. Current pool size: 30
Vendor added 4 tickets. Current pool size: 4
Vendor added 4 tickets. Current pool size: 8
Vendor added 4 tickets. Current pool size: 12
Customer purchased 10 tickets. Current pool size: 2
Vendor added 4 tickets. Current pool size: 6
Vendor added 40 tickets. Current pool size: 40
Customer purchased 20 tickets. Current pool size: 20
Vendor added 40 tickets. Current pool size: 60
Customer purchased 20 tickets. Current pool size: 40
Vendor added 40 tickets. Current pool size: 80
Customer purchased 20 tickets. Current pool size: 60
Vendor added 40 tickets. Current pool size: 100
Customer purchased 20 tickets. Current pool size: 80
Vendor added 40 tickets. Current pool size: 120
Customer purchased 20 tickets. Current pool size: 100
Vendor added 40 tickets. Current pool size: 140
Customer purchased 20 tickets. Current pool size: 120
Vendor added 40 tickets. Current pool size: 160
Customer purchased 20 tickets. Current pool size: 140
Vendor added 40 tickets. Current pool size: 180
Customer purchased 20 tickets. Current pool size: 160
Vendor added 40 tickets. Current pool size: 40
Vendor added 40 tickets. Current pool size: 80
Customer purchased 50 tickets. Current pool size: 30
Vendor added 40 tickets. Current pool size: 70
Customer purchased 50 tickets. Current pool size: 20
Vendor added 40 tickets. Current pool size: 60
Customer purchased 50 tickets. Current pool size: 10
Vendor added 5 tickets. Current pool size: 5
Vendor added 5 tickets. Current pool size: 10
Customer purchased 10 tickets. Current pool size: 0
Vendor added 5 tickets. Current pool size: 5
Vendor added 5 tickets. Current pool size: 10
Customer purchased 10 tickets. Current pool size: 0
Vendor added 5 tickets. Current pool size: 5
Vendor added 5 tickets. Current pool size: 10
Customer purchased 10 tickets. Current pool size: 0
Vendor added 5 tickets. Current pool size: 5
Customer purchased 4 tickets. Current pool size: 1
Vendor added 5 tickets. Current pool size: 6
Customer purchased 4 tickets. Current pool size: 2
Vendor added 5 tickets. Current pool size: 7
Customer purchased 4 tickets. Current pool size: 3
Vendor added 5 tickets. Current pool size: 8
Customer purchased 4 tickets. Current pool size: 4
Vendor added 5 tickets. Current pool size: 5
Vendor added 5 tickets. Current pool size: 10
Customer purchased 10 tickets. Current pool size: 0
Vendor added 5 tickets. Current pool size: 5
Vendor added 5 tickets. Current pool size: 10
Customer purchased 10 tickets. Current pool size: 0
Vendor added 5 tickets. Current pool size: 5
Vendor added 4 tickets. Current pool size: 4
Vendor added 4 tickets. Current pool size: 8
Customer purchased 7 tickets. Current pool size: 1
Vendor added 4 tickets. Current pool size: 5
Vendor added 4 tickets. Current pool size: 9
Customer purchased 7 tickets. Current pool size: 2
Vendor added 4 tickets. Current pool size: 4
Customer purchased 1 tickets. Current pool size: 3
Vendor added 4 tickets. Current pool size: 7
Customer purchased 1 tickets. Current pool size: 6
Customer purchased 1 tickets. Current pool size: 5
Vendor added 4 tickets. Current pool size: 9
Customer purchased 1 tickets. Current pool size: 8
Vendor added 4 tickets. Current pool size: 12
Vendor added 4 tickets. Current pool size: 4
Vendor added 4 tickets. Current pool size: 8
Vendor added 4 tickets. Current pool size: 12
Customer purchased 10 tickets. Current pool size: 2
Vendor added 4 tickets. Current pool size: 6
Vendor added 4 tickets. Current pool size: 10
Customer purchased 10 tickets. Current pool size: 0
Vendor added 4 tickets. Current pool size: 4
Vendor added 20 tickets. Current pool size: 20
Customer purchased 10 tickets. Current pool size: 10
Vendor added 20 tickets. Current pool size: 30
Customer purchased 10 tickets. Current pool size: 20
Vendor added 20 tickets. Current pool size: 40
Customer purchased 10 tickets. Current pool size: 30
Vendor added 20 tickets. Current pool size: 50
Customer purchased 10 tickets. Current pool size: 40
Vendor added 20 tickets. Current pool size: 60
Customer purchased 10 tickets. Current pool size: 50
Vendor-1 added 2 tickets. Current pool size: 2
Vendor-2 added 2 tickets. Current pool size: 4
Customer-1 purchased 4 tickets. Current pool size: 0
Vendor-2 added 2 tickets. Current pool size: 2
Vendor-1 added 2 tickets. Current pool size: 4
Customer-2 purchased 4 tickets. Current pool size: 0
Vendor-2 added 2 tickets. Current pool size: 2
Vendor-1 added 2 tickets. Current pool size: 4
Customer-1 purchased 4 tickets. Current pool size: 0
Vendor-1 added 2 tickets. Current pool size: 2
Vendor-2 added 2 tickets. Current pool size: 4
Customer-1 purchased 4 tickets. Current pool size: 0
Vendor-1 added 2 tickets. Current pool size: 2
Vendor-2 added 2 tickets. Current pool size: 4
Customer-3 purchased 4 tickets. Current pool size: 0
Vendor-1 added 2 tickets. Current pool size: 2
Vendor-2 added 2 tickets. Current pool size: 4
Customer-4 purchased 4 tickets. Current pool size: 0
Vendor-1 added 2 tickets. Current pool size: 2
Vendor-2 added 2 tickets. Current pool size: 4
Customer-5 purchased 4 tickets. Current pool size: 0
Vendor-1 added 2 tickets. Current pool size: 2
Vendor-2 added 2 tickets. Current pool size: 4
Customer-2 purchased 4 tickets. Current pool size: 0
Vendor-1 added 5 tickets. Current pool size: 5
Vendor-2 added 5 tickets. Current pool size: 10
Customer-2 purchased 10 tickets. Current pool size: 0
Vendor-2 added 5 tickets. Current pool size: 5
Vendor-1 added 5 tickets. Current pool size: 10
Customer-1 purchased 10 tickets. Current pool size: 0
Vendor-2 added 5 tickets. Current pool size: 5
Vendor-1 added 5 tickets. Current pool size: 10
Customer-3 purchased 10 tickets. Current pool size: 0
Vendor-2 added 5 tickets. Current pool size: 5
Vendor-1 added 5 tickets. Current pool size: 10
Customer-1 purchased 10 tickets. Current pool size: 0
Vendor-2 added 5 tickets. Current pool size: 5
Vendor-1 added 5 tickets. Current pool size: 10
Customer-3 purchased 10 tickets. Current pool size: 0
Vendor-2 added 5 tickets. Current pool size: 5
Vendor-1 added 5 tickets. Current pool size: 10
Customer-1 purchased 10 tickets. Current pool size: 0
Vendor-2 added 5 tickets. Current pool size: 5
Vendor-1 added 5 tickets. Current pool size: 10
Customer-3 purchased 10 tickets. Current pool size: 0
Vendor-2 added 5 tickets. Current pool size: 5
Vendor-1 added 5 tickets. Current pool size: 10
Customer-1 purchased 10 tickets. Current pool size: 0
Vendor-1 added 2 tickets. Current pool size: 2
Vendor-2 added 2 tickets. Current pool size: 4
Vendor-1 added 2 tickets. Current pool size: 6
Customer-3 purchased 5 tickets. Current pool size: 1
Vendor-2 added 2 tickets. Current pool size: 3
Vendor-1 added 2 tickets. Current pool size: 5
Customer-2 purchased 5 tickets. Current pool size: 0
Vendor-2 added 2 tickets. Current pool size: 2
Vendor-1 added 5 tickets. Current pool size: 5
Vendor-2 added 5 tickets. Current pool size: 10
Customer-3 purchased 6 tickets. Current pool size: 4
Vendor-1 added 5 tickets. Current pool size: 9
Customer-1 purchased 6 tickets. Current pool size: 3
Vendor-2 added 5 tickets. Current pool size: 8
Customer-3 purchased 6 tickets. Current pool size: 2
Vendor-1 added 5 tickets. Current pool size: 7
Customer-2 purchased 6 tickets. Current pool size: 1
Vendor-2 added 5 tickets. Current pool size: 6
Customer-1 purchased 6 tickets. Current pool size: 0
Vendor-1 added 5 tickets. Current pool size: 5
Vendor-2 added 5 tickets. Current pool size: 10
Customer-3 purchased 6 tickets. Current pool size: 4
Vendor-1 added 4 tickets. Current pool size: 4
Vendor-2 added 4 tickets. Current pool size: 8
Customer-3 purchased 7 tickets. Current pool size: 1
Vendor-1 added 4 tickets. Current pool size: 5
Vendor-2 added 4 tickets. Current pool size: 9
Customer-3 purchased 7 tickets. Current pool size: 2
Vendor-1 added 4 tickets. Current pool size: 6
Vendor-2 added 4 tickets. Current pool size: 10
Customer-2 purchased 7 tickets. Current pool size: 3
Vendor-1 added 4 tickets. Current pool size: 7
Customer-1 purchased 7 tickets. Current pool size: 0
Vendor-2 added 4 tickets. Current pool size: 4
Vendor-2 added 5 tickets. Current pool size: 5
Vendor-1 added 5 tickets. Current pool size: 10
Customer-3 purchased 10 tickets. Current pool size: 0
Vendor-2 added 5 tickets. Current pool size: 5
Vendor-1 added 5 tickets. Current pool size: 10
Customer-1 purchased 10 tickets. Current pool size: 0
Vendor-2 added 5 tickets. Current pool size: 5
Vendor-1 added 5 tickets. Current pool size: 10
Customer-2 purchased 10 tickets. Current pool size: 0
Vendor-2 added 5 tickets. Current pool size: 5
Vendor-1 added 5 tickets. Current pool size: 10
Customer-1 purchased 10 tickets. Current pool size: 0
Vendor-1 added 5 tickets. Current pool size: 5
Vendor-2 added 5 tickets. Current pool size: 10
Customer-3 purchased 10 tickets. Current pool size: 0
Vendor-1 added 5 tickets. Current pool size: 5
Vendor-2 added 5 tickets. Current pool size: 10
Customer-1 purchased 10 tickets. Current pool size: 0
Vendor-1 added 5 tickets. Current pool size: 5
Vendor-2 added 5 tickets. Current pool size: 10
Customer-2 purchased 10 tickets. Current pool size: 0
Vendor-1 added 5 tickets. Current pool size: 5
Vendor-2 added 5 tickets. Current pool size: 10
Customer-2 purchased 10 tickets. Current pool size: 0
Vendor-1 added 5 tickets. Current pool size: 5
Vendor-2 added 5 tickets. Current pool size: 10
Customer-3 purchased 10 tickets. Current pool size: 0
Vendor-1 added 5 tickets. Current pool size: 5
Vendor-2 added 5 tickets. Current pool size: 10
Customer-2 purchased 10 tickets. Current pool size: 0
Vendor-1 added 5 tickets. Current pool size: 5
Vendor-2 added 5 tickets. Current pool size: 10
Customer-3 purchased 10 tickets. Current pool size: 0
Vendor-1 added 5 tickets. Current pool size: 5
Vendor-2 added 5 tickets. Current pool size: 10
Customer-2 purchased 10 tickets. Current pool size: 0
Vendor-1 added 5 tickets. Current pool size: 5
Vendor-2 added 5 tickets. Current pool size: 10
Customer-3 purchased 10 tickets. Current pool size: 0
Vendor-1 added 5 tickets. Current pool size: 5
Vendor-2 added 5 tickets. Current pool size: 10
Customer-2 purchased 10 tickets. Current pool size: 0
Vendor-1 added 5 tickets. Current pool size: 5
Vendor-2 added 5 tickets. Current pool size: 10
Customer-1 purchased 10 tickets. Current pool size: 0
Vendor-2 added 5 tickets. Current pool size: 5
Vendor-1 added 5 tickets. Current pool size: 10
Customer-3 purchased 10 tickets. Current pool size: 0
Vendor-2 added 5 tickets. Current pool size: 5
Vendor-1 added 5 tickets. Current pool size: 10
Customer-1 purchased 10 tickets. Current pool size: 0
Vendor-2 added 5 tickets. Current pool size: 5
Vendor-1 added 5 tickets. Current pool size: 10
Customer-3 purchased 10 tickets. Current pool size: 0
Vendor-2 added 5 tickets. Current pool size: 5
Vendor-1 added 5 tickets. Current pool size: 10
Customer-1 purchased 10 tickets. Current pool size: 0
Vendor-2 added 2 tickets. Current pool size: 2
Vendor-1 added 2 tickets. Current pool size: 4
Customer-2 purchased 4 tickets. Current pool size: 0
Vendor-1 added 2 tickets. Current pool size: 2
Vendor-2 added 2 tickets. Current pool size: 4
Customer-3 purchased 4 tickets. Current pool size: 0
Vendor-1 added 2 tickets. Current pool size: 2
Vendor-2 added 2 tickets. Current pool size: 4
Customer-1 purchased 4 tickets. Current pool size: 0
Vendor-1 added 2 tickets. Current pool size: 2
Vendor-2 added 2 tickets. Current pool size: 4
Customer-2 purchased 4 tickets. Current pool size: 0
Vendor-1 added 5 tickets. Current pool size: 5
Vendor-2 added 5 tickets. Current pool size: 10
Customer-2 purchased 10 tickets. Current pool size: 0
Vendor-1 added 5 tickets. Current pool size: 5
Vendor-2 added 5 tickets. Current pool size: 10
Customer-1 purchased 10 tickets. Current pool size: 0
Vendor-2 added 5 tickets. Current pool size: 5
Vendor-1 added 5 tickets. Current pool size: 10
Customer-3 purchased 10 tickets. Current pool size: 0
Vendor-2 added 5 tickets. Current pool size: 5
Vendor-1 added 5 tickets. Current pool size: 10
Customer-1 purchased 10 tickets. Current pool size: 0
Vendor-2 added 5 tickets. Current pool size: 5
Vendor-1 added 5 tickets. Current pool size: 10
Customer-3 purchased 10 tickets. Current pool size: 0
Vendor-1 added 5 tickets. Current pool size: 5
Vendor-2 added 5 tickets. Current pool size: 10
Customer-2 purchased 10 tickets. Current pool size: 0
Vendor-1 added 5 tickets. Current pool size: 5
Vendor-2 added 5 tickets. Current pool size: 10
Customer-1 purchased 10 tickets. Current pool size: 0
Vendor-1 added 5 tickets. Current pool size: 5
Vendor-2 added 5 tickets. Current pool size: 10
Customer-3 purchased 10 tickets. Current pool size: 0
Vendor-1 added 5 tickets. Current pool size: 5
Vendor-2 added 5 tickets. Current pool size: 10
Customer-1 purchased 10 tickets. Current pool size: 0
Vendor-1 added 10 tickets. Current pool size: 10
Customer-2 purchased 5 tickets. Current pool size: 5
Customer-3 purchased 5 tickets. Current pool size: 0
Vendor-2 added 10 tickets. Current pool size: 10
Customer-1 purchased 5 tickets. Current pool size: 5
Vendor-1 added 10 tickets. Current pool size: 15
Customer-2 purchased 5 tickets. Current pool size: 10
Vendor-2 added 10 tickets. Current pool size: 20
Customer-3 purchased 5 tickets. Current pool size: 15
Customer-1 purchased 5 tickets. Current pool size: 10
Customer-2 purchased 5 tickets. Current pool size: 5
Vendor-1 added 10 tickets. Current pool size: 15
Customer-1 purchased 5 tickets. Current pool size: 10
Customer-3 purchased 5 tickets. Current pool size: 5
Vendor-2 added 10 tickets. Current pool size: 15
Customer-2 purchased 5 tickets. Current pool size: 10
Vendor-1 added 10 tickets. Current pool size: 20
Customer-1 purchased 5 tickets. Current pool size: 15
Customer-3 purchased 5 tickets. Current pool size: 10
Vendor-2 added 10 tickets. Current pool size: 20
Vendor-1 added 5 tickets. Current pool size: 5
Vendor-2 added 5 tickets. Current pool size: 10
Customer-2 purchased 10 tickets. Current pool size: 0
Vendor-1 added 5 tickets. Current pool size: 5
Vendor-2 added 5 tickets. Current pool size: 10
Customer-1 purchased 10 tickets. Current pool size: 0
Vendor-1 added 5 tickets. Current pool size: 5
Vendor-2 added 5 tickets. Current pool size: 10
Customer-2 purchased 10 tickets. Current pool size: 0
Vendor-1 added 5 tickets. Current pool size: 5
Vendor-2 added 5 tickets. Current pool size: 10
Customer-1 purchased 10 tickets. Current pool size: 0
Vendor-2 added 2 tickets. Current pool size: 2
Customer-3 purchased 2 tickets. Current pool size: 0
Vendor-1 added 2 tickets. Current pool size: 2
Customer-2 purchased 2 tickets. Current pool size: 0
Vendor-2 added 2 tickets. Current pool size: 2
Customer-1 purchased 2 tickets. Current pool size: 0
Vendor-1 added 2 tickets. Current pool size: 2
Customer-2 purchased 2 tickets. Current pool size: 0
Vendor-2 added 2 tickets. Current pool size: 2
Customer-3 purchased 2 tickets. Current pool size: 0
Vendor-1 added 2 tickets. Current pool size: 2
Customer-1 purchased 2 tickets. Current pool size: 0
Vendor-2 added 2 tickets. Current pool size: 2
Customer-2 purchased 2 tickets. Current pool size: 0
Vendor-1 added 2 tickets. Current pool size: 2
Customer-1 purchased 2 tickets. Current pool size: 0
Vendor-2 added 2 tickets. Current pool size: 2
Customer-2 purchased 2 tickets. Current pool size: 0
Vendor-1 added 2 tickets. Current pool size: 2
Customer-1 purchased 2 tickets. Current pool size: 0
Vendor-2 added 2 tickets. Current pool size: 2
Customer-3 purchased 2 tickets. Current pool size: 0
Vendor-1 added 2 tickets. Current pool size: 2
Customer-2 purchased 2 tickets. Current pool size: 0
Vendor-2 added 2 tickets. Current pool size: 2
Customer-1 purchased 2 tickets. Current pool size: 0
Vendor-1 added 2 tickets. Current pool size: 2
Customer-3 purchased 2 tickets. Current pool size: 0
Vendor-2 added 2 tickets. Current pool size: 2
Customer-2 purchased 2 tickets. Current pool size: 0
Vendor-1 added 2 tickets. Current pool size: 2
Customer-1 purchased 2 tickets. Current pool size: 0
Vendor-2 added 2 tickets. Current pool size: 2
Customer-3 purchased 2 tickets. Current pool size: 0
Vendor-1 added 2 tickets. Current pool size: 2
Customer-2 purchased 2 tickets. Current pool size: 0
Vendor-2 added 2 tickets. Current pool size: 2
Customer-1 purchased 2 tickets. Current pool size: 0
Vendor-1 added 2 tickets. Current pool size: 2
Customer-3 purchased 2 tickets. Current pool size: 0
Vendor-2 added 2 tickets. Current pool size: 2
Customer-2 purchased 2 tickets. Current pool size: 0
Vendor-1 added 2 tickets. Current pool size: 2
Customer-1 purchased 2 tickets. Current pool size: 0
Vendor-2 added 2 tickets. Current pool size: 2
Customer-3 purchased 2 tickets. Current pool size: 0
Vendor-1 added 2 tickets. Current pool size: 2
Customer-2 purchased 2 tickets. Current pool size: 0
Vendor-2 added 2 tickets. Current pool size: 2
Customer-1 purchased 2 tickets. Current pool size: 0
Vendor-1 added 2 tickets. Current pool size: 2
Customer-3 purchased 2 tickets. Current pool size: 0
Vendor-2 added 2 tickets. Current pool size: 2
Customer-2 purchased 2 tickets. Current pool size: 0
Vendor-1 added 2 tickets. Current pool size: 2
Customer-1 purchased 2 tickets. Current pool size: 0
Vendor-2 added 2 tickets. Current pool size: 2
Customer-3 purchased 2 tickets. Current pool size: 0
Vendor-1 added 2 tickets. Current pool size: 2
Customer-2 purchased 2 tickets. Current pool size: 0
Vendor-2 added 2 tickets. Current pool size: 2
Customer-1 purchased 2 tickets. Current pool size: 0
Vendor-1 added 2 tickets. Current pool size: 2
Customer-3 purchased 2 tickets. Current pool size: 0
Vendor-2 added 2 tickets. Current pool size: 2
Customer-2 purchased 2 tickets. Current pool size: 0
Vendor-1 added 2 tickets. Current pool size: 2
Customer-1 purchased 2 tickets. Current pool size: 0
Vendor-2 added 2 tickets. Current pool size: 2
Customer-3 purchased 2 tickets. Current pool size: 0
Vendor-1 added 2 tickets. Current pool size: 2
Customer-2 purchased 2 tickets. Current pool size: 0
Vendor-2 added 2 tickets. Current pool size: 2
Customer-1 purchased 2 tickets. Current pool size: 0
Vendor-1 added 2 tickets. Current pool size: 2
Customer-3 purchased 2 tickets. Current pool size: 0
Vendor-2 added 2 tickets. Current pool size: 2
Customer-2 purchased 2 tickets. Current pool size: 0
Vendor-1 added 2 tickets. Current pool size: 2
Customer-1 purchased 2 tickets. Current pool size: 0
Vendor-2 added 2 tickets. Current pool size: 2
Customer-3 purchased 2 tickets. Current pool size: 0
Vendor-1 added 2 tickets. Current pool size: 2
Customer-2 purchased 2 tickets. Current pool size: 0
Vendor-2 added 2 tickets. Current pool size: 2
Customer-1 purchased 2 tickets. Current pool size: 0
Vendor-1 added 2 tickets. Current pool size: 2
Customer-3 purchased 2 tickets. Current pool size: 0
Vendor-2 added 2 tickets. Current pool size: 2
Customer-2 purchased 2 tickets. Current pool size: 0
Vendor-1 added 2 tickets. Current pool size: 2
Customer-3 purchased 2 tickets. Current pool size: 0
Vendor-2 added 2 tickets. Current pool size: 2
Customer-1 purchased 2 tickets. Current pool size: 0
Vendor-1 added 2 tickets. Current pool size: 2
Customer-2 purchased 2 tickets. Current pool size: 0
Vendor-2 added 2 tickets. Current pool size: 2
Customer-3 purchased 2 tickets. Current pool size: 0
Vendor-1 added 2 tickets. Current pool size: 2
Customer-1 purchased 2 tickets. Current pool size: 0
Vendor-2 added 2 tickets. Current pool size: 2
Customer-2 purchased 2 tickets. Current pool size: 0
Vendor-1 added 2 tickets. Current pool size: 2
Customer-3 purchased 2 tickets. Current pool size: 0
Vendor-2 added 2 tickets. Current pool size: 2
Customer-1 purchased 2 tickets. Current pool size: 0
Vendor-1 added 2 tickets. Current pool size: 2
Customer-2 purchased 2 tickets. Current pool size: 0
Vendor-2 added 2 tickets. Current pool size: 2
Customer-3 purchased 2 tickets. Current pool size: 0
Vendor-1 added 2 tickets. Current pool size: 2
Customer-1 purchased 2 tickets. Current pool size: 0
Vendor-2 added 2 tickets. Current pool size: 2
Customer-2 purchased 2 tickets. Current pool size: 0
Vendor-1 added 2 tickets. Current pool size: 2
Customer-3 purchased 2 tickets. Current pool size: 0
Vendor-2 added 2 tickets. Current pool size: 2
Customer-1 purchased 2 tickets. Current pool size: 0
Vendor-1 added 2 tickets. Current pool size: 2
Customer-2 purchased 2 tickets. Current pool size: 0
Vendor-2 added 2 tickets. Current pool size: 2
Customer-3 purchased 2 tickets. Current pool size: 0
Vendor-1 added 2 tickets. Current pool size: 2
Customer-1 purchased 2 tickets. Current pool size: 0
Vendor-2 added 2 tickets. Current pool size: 2
Customer-2 purchased 2 tickets. Current pool size: 0
Vendor-1 added 2 tickets. Current pool size: 2
Customer-3 purchased 2 tickets. Current pool size: 0
Vendor-2 added 2 tickets. Current pool size: 2
Customer-1 purchased 2 tickets. Current pool size: 0
Vendor-1 added 2 tickets. Current pool size: 2
Customer-2 purchased 2 tickets. Current pool size: 0
Vendor-2 added 2 tickets. Current pool size: 2
Customer-3 purchased 2 tickets. Current pool size: 0
Vendor-1 added 2 tickets. Current pool size: 2
Customer-1 purchased 2 tickets. Current pool size: 0
Vendor-2 added 2 tickets. Current pool size: 2
Customer-2 purchased 2 tickets. Current pool size: 0
Vendor-1 added 2 tickets. Current pool size: 2
Customer-3 purchased 2 tickets. Current pool size: 0
Vendor-2 added 2 tickets. Current pool size: 2
Customer-1 purchased 2 tickets. Current pool size: 0
Vendor-1 added 2 tickets. Current pool size: 2
Customer-2 purchased 2 tickets. Current pool size: 0
Vendor-2 added 2 tickets. Current pool size: 2
Customer-3 purchased 2 tickets. Current pool size: 0
Vendor-1 added 2 tickets. Current pool size: 2
Customer-1 purchased 2 tickets. Current pool size: 0
Vendor-2 added 2 tickets. Current pool size: 2
Customer-2 purchased 2 tickets. Current pool size: 0
Vendor-1 added 2 tickets. Current pool size: 2
Customer-3 purchased 2 tickets. Current pool size: 0
Vendor-2 added 2 tickets. Current pool size: 2
Customer-1 purchased 2 tickets. Current pool size: 0
Vendor-1 added 2 tickets. Current pool size: 2
Customer-2 purchased 2 tickets. Current pool size: 0
Vendor-2 added 2 tickets. Current pool size: 2
Customer-3 purchased 2 tickets. Current pool size: 0
Vendor-1 added 2 tickets. Current pool size: 2
Customer-1 purchased 2 tickets. Current pool size: 0
Vendor-2 added 2 tickets. Current pool size: 2
Customer-2 purchased 2 tickets. Current pool size: 0
Vendor-1 added 2 tickets. Current pool size: 2
Customer-3 purchased 2 tickets. Current pool size: 0
Vendor-2 added 2 tickets. Current pool size: 2
Customer-1 purchased 2 tickets. Current pool size: 0
Vendor-1 added 2 tickets. Current pool size: 2
Customer-2 purchased 2 tickets. Current pool size: 0
Vendor-2 added 2 tickets. Current pool size: 2
Customer-3 purchased 2 tickets. Current pool size: 0
Vendor-1 added 2 tickets. Current pool size: 2
Customer-1 purchased 2 tickets. Current pool size: 0
Vendor-2 added 2 tickets. Current pool size: 2
Customer-2 purchased 2 tickets. Current pool size: 0
Vendor-1 added 2 tickets. Current pool size: 2
Customer-3 purchased 2 tickets. Current pool size: 0
Vendor-2 added 2 tickets. Current pool size: 2
Customer-1 purchased 2 tickets. Current pool size: 0
Vendor-1 added 2 tickets. Current pool size: 2
Customer-2 purchased 2 tickets. Current pool size: 0
Vendor-2 added 2 tickets. Current pool size: 2
Customer-3 purchased 2 tickets. Current pool size: 0
Vendor-1 added 2 tickets. Current pool size: 2
Customer-1 purchased 2 tickets. Current pool size: 0
Vendor-2 added 2 tickets. Current pool size: 2
Customer-2 purchased 2 tickets. Current pool size: 0
Vendor-1 added 2 tickets. Current pool size: 2
Customer-3 purchased 2 tickets. Current pool size: 0
Vendor-2 added 2 tickets. Current pool size: 2
Customer-1 purchased 2 tickets. Current pool size: 0
Vendor-1 added 2 tickets. Current pool size: 2
Customer-2 purchased 2 tickets. Current pool size: 0
Vendor-2 added 2 tickets. Current pool size: 2
Customer-3 purchased 2 tickets. Current pool size: 0
Vendor-1 added 2 tickets. Current pool size: 2
Customer-1 purchased 2 tickets. Current pool size: 0
Vendor-2 added 2 tickets. Current pool size: 2
Customer-2 purchased 2 tickets. Current pool size: 0
Vendor-1 added 2 tickets. Current pool size: 2
Customer-3 purchased 2 tickets. Current pool size: 0
Vendor-2 added 2 tickets. Current pool size: 2
Customer-1 purchased 2 tickets. Current pool size: 0
Vendor-1 added 2 tickets. Current pool size: 2
Customer-2 purchased 2 tickets. Current pool size: 0
Vendor-2 added 2 tickets. Current pool size: 2
Customer-3 purchased 2 tickets. Current pool size: 0
Vendor-1 added 2 tickets. Current pool size: 2
Customer-1 purchased 2 tickets. Current pool size: 0
Vendor-2 added 2 tickets. Current pool size: 2
Customer-2 purchased 2 tickets. Current pool size: 0
Vendor-1 added 2 tickets. Current pool size: 2
Customer-3 purchased 2 tickets. Current pool size: 0
Vendor-2 added 2 tickets. Current pool size: 2
Customer-1 purchased 2 tickets. Current pool size: 0
Vendor-1 added 2 tickets. Current pool size: 2
Customer-2 purchased 2 tickets. Current pool size: 0
Vendor-2 added 2 tickets. Current pool size: 2
Customer-3 purchased 2 tickets. Current pool size: 0
Vendor-1 added 2 tickets. Current pool size: 2
Customer-1 purchased 2 tickets. Current pool size: 0
Vendor-2 added 2 tickets. Current pool size: 2
Customer-2 purchased 2 tickets. Current pool size: 0
Vendor-1 added 2 tickets. Current pool size: 2
Customer-3 purchased 2 tickets. Current pool size: 0
Vendor-2 added 2 tickets. Current pool size: 2
Customer-1 purchased 2 tickets. Current pool size: 0
Vendor-1 added 2 tickets. Current pool size: 2
Customer-2 purchased 2 tickets. Current pool size: 0
Vendor-2 added 2 tickets. Current pool size: 2
Customer-3 purchased 2 tickets. Current pool size: 0
Vendor-1 added 2 tickets. Current pool size: 2
Customer-1 purchased 2 tickets. Current pool size: 0
Vendor-2 added 2 tickets. Current pool size: 2
Customer-2 purchased 2 tickets. Current pool size: 0
Vendor-1 added 2 tickets. Current pool size: 2
Customer-3 purchased 2 tickets. Current pool size: 0
Vendor-2 added 2 tickets. Current pool size: 2
Customer-2 purchased 2 tickets. Current pool size: 0
Vendor-1 added 2 tickets. Current pool size: 2
Customer-1 purchased 2 tickets. Current pool size: 0
Vendor-2 added 2 tickets. Current pool size: 2
Customer-3 purchased 2 tickets. Current pool size: 0
Vendor-1 added 2 tickets. Current pool size: 2
Customer-2 purchased 2 tickets. Current pool size: 0
Vendor-2 added 2 tickets. Current pool size: 2
Customer-1 purchased 2 tickets. Current pool size: 0
Vendor-1 added 2 tickets. Current pool size: 2
Customer-3 purchased 2 tickets. Current pool size: 0
Vendor-2 added 2 tickets. Current pool size: 2
Customer-2 purchased 2 tickets. Current pool size: 0
Vendor-1 added 2 tickets. Current pool size: 2
Customer-1 purchased 2 tickets. Current pool size: 0
Vendor-2 added 2 tickets. Current pool size: 2
Customer-3 purchased 2 tickets. Current pool size: 0
Vendor-1 added 2 tickets. Current pool size: 2
Customer-2 purchased 2 tickets. Current pool size: 0
Vendor-2 added 2 tickets. Current pool size: 2
Customer-1 purchased 2 tickets. Current pool size: 0
Vendor-1 added 2 tickets. Current pool size: 2
Customer-3 purchased 2 tickets. Current pool size: 0
Vendor-2 added 2 tickets. Current pool size: 2
Customer-2 purchased 2 tickets. Current pool size: 0
Vendor-1 added 2 tickets. Current pool size: 2
Customer-1 purchased 2 tickets. Current pool size: 0
Vendor-2 added 2 tickets. Current pool size: 2
Customer-3 purchased 2 tickets. Current pool size: 0
Vendor-1 added 2 tickets. Current pool size: 2
Customer-2 purchased 2 tickets. Current pool size: 0
Vendor-2 added 2 tickets. Current pool size: 2
Customer-1 purchased 2 tickets. Current pool size: 0
Vendor-1 added 2 tickets. Current pool size: 2
Customer-3 purchased 2 tickets. Current pool size: 0
Vendor-2 added 2 tickets. Current pool size: 2
Customer-2 purchased 2 tickets. Current pool size: 0
Vendor-1 added 2 tickets. Current pool size: 2
Customer-1 purchased 2 tickets. Current pool size: 0
Vendor-2 added 2 tickets. Current pool size: 2
Customer-3 purchased 2 tickets. Current pool size: 0
Vendor-1 added 2 tickets. Current pool size: 2
Customer-2 purchased 2 tickets. Current pool size: 0
Vendor-2 added 2 tickets. Current pool size: 2
Customer-1 purchased 2 tickets. Current pool size: 0
Vendor-1 added 2 tickets. Current pool size: 2
Customer-3 purchased 2 tickets. Current pool size: 0
Vendor-2 added 2 tickets. Current pool size: 2
Customer-2 purchased 2 tickets. Current pool size: 0
Vendor-1 added 2 tickets. Current pool size: 2
Customer-1 purchased 2 tickets. Current pool size: 0
Vendor-2 added 2 tickets. Current pool size: 2
Customer-3 purchased 2 tickets. Current pool size: 0
Vendor-1 added 2 tickets. Current pool size: 2
Customer-2 purchased 2 tickets. Current pool size: 0
Vendor-2 added 2 tickets. Current pool size: 2
Customer-1 purchased 2 tickets. Current pool size: 0
Vendor-1 added 2 tickets. Current pool size: 2
Customer-3 purchased 2 tickets. Current pool size: 0
Vendor-2 added 2 tickets. Current pool size: 2
Customer-2 purchased 2 tickets. Current pool size: 0
Vendor-1 added 2 tickets. Current pool size: 2
Customer-1 purchased 2 tickets. Current pool size: 0
Vendor-2 added 2 tickets. Current pool size: 2
Customer-3 purchased 2 tickets. Current pool size: 0
Vendor-1 added 2 tickets. Current pool size: 2
Customer-2 purchased 2 tickets. Current pool size: 0
Vendor-2 added 2 tickets. Current pool size: 2
Customer-1 purchased 2 tickets. Current pool size: 0
Vendor-1 added 2 tickets. Current pool size: 2
Customer-3 purchased 2 tickets. Current pool size: 0
Vendor-2 added 2 tickets. Current pool size: 2
Customer-2 purchased 2 tickets. Current pool size: 0
Vendor-1 added 2 tickets. Current pool size: 2
Customer-1 purchased 2 tickets. Current pool size: 0
Vendor-2 added 2 tickets. Current pool size: 2
Customer-3 purchased 2 tickets. Current pool size: 0
Vendor-1 added 2 tickets. Current pool size: 2
Customer-2 purchased 2 tickets. Current pool size: 0
Vendor-2 added 2 tickets. Current pool size: 2
Customer-1 purchased 2 tickets. Current pool size: 0
Vendor-1 added 2 tickets. Current pool size: 2
Customer-3 purchased 2 tickets. Current pool size: 0
Vendor-2 added 2 tickets. Current pool size: 2
Customer-2 purchased 2 tickets. Current pool size: 0
Vendor-1 added 2 tickets. Current pool size: 2
Customer-1 purchased 2 tickets. Current pool size: 0
Vendor-2 added 2 tickets. Current pool size: 2
Customer-3 purchased 2 tickets. Current pool size: 0
Vendor-1 added 2 tickets. Current pool size: 2
Customer-2 purchased 2 tickets. Current pool size: 0
Vendor-2 added 2 tickets. Current pool size: 2
Customer-1 purchased 2 tickets. Current pool size: 0
Vendor-1 added 2 tickets. Current pool size: 2
Customer-3 purchased 2 tickets. Current pool size: 0
Vendor-2 added 2 tickets. Current pool size: 2
Customer-2 purchased 2 tickets. Current pool size: 0
Vendor-1 added 2 tickets. Current pool size: 2
Customer-1 purchased 2 tickets. Current pool size: 0
Vendor-2 added 2 tickets. Current pool size: 2
Customer-3 purchased 2 tickets. Current pool size: 0
Vendor-1 added 2 tickets. Current pool size: 2
Customer-2 purchased 2 tickets. Current pool size: 0
Vendor-2 added 2 tickets. Current pool size: 2
Customer-1 purchased 2 tickets. Current pool size: 0
Vendor-1 added 2 tickets. Current pool size: 2
Customer-3 purchased 2 tickets. Current pool size: 0
Vendor-2 added 2 tickets. Current pool size: 2
Customer-2 purchased 2 tickets. Current pool size: 0
Vendor-1 added 2 tickets. Current pool size: 2
Customer-1 purchased 2 tickets. Current pool size: 0
Vendor-2 added 2 tickets. Current pool size: 2
Customer-3 purchased 2 tickets. Current pool size: 0
Vendor-1 added 2 tickets. Current pool size: 2
Customer-2 purchased 2 tickets. Current pool size: 0
Vendor-2 added 2 tickets. Current pool size: 2
Customer-1 purchased 2 tickets. Current pool size: 0
Vendor-1 added 2 tickets. Current pool size: 2
Customer-3 purchased 2 tickets. Current pool size: 0
Vendor-2 added 2 tickets. Current pool size: 2
Customer-2 purchased 2 tickets. Current pool size: 0
Vendor-1 added 2 tickets. Current pool size: 2
Customer-1 purchased 2 tickets. Current pool size: 0
Vendor-2 added 2 tickets. Current pool size: 2
Customer-3 purchased 2 tickets. Current pool size: 0
Vendor-1 added 2 tickets. Current pool size: 2
Customer-2 purchased 2 tickets. Current pool size: 0
Vendor-2 added 2 tickets. Current pool size: 2
Customer-1 purchased 2 tickets. Current pool size: 0
Vendor-1 added 2 tickets. Current pool size: 2
Customer-3 purchased 2 tickets. Current pool size: 0
Vendor-2 added 2 tickets. Current pool size: 2
Customer-2 purchased 2 tickets. Current pool size: 0
Vendor-1 added 2 tickets. Current pool size: 2
Customer-1 purchased 2 tickets. Current pool size: 0
Vendor-2 added 2 tickets. Current pool size: 2
Customer-3 purchased 2 tickets. Current pool size: 0
Vendor-1 added 2 tickets. Current pool size: 2
Customer-2 purchased 2 tickets. Current pool size: 0
Vendor-2 added 2 tickets. Current pool size: 2
Customer-1 purchased 2 tickets. Current pool size: 0
Vendor-1 added 2 tickets. Current pool size: 2
Customer-3 purchased 2 tickets. Current pool size: 0
Vendor-2 added 2 tickets. Current pool size: 2
Customer-2 purchased 2 tickets. Current pool size: 0
Vendor-1 added 2 tickets. Current pool size: 2
Customer-1 purchased 2 tickets. Current pool size: 0
Vendor-2 added 2 tickets. Current pool size: 2
Customer-3 purchased 2 tickets. Current pool size: 0
Vendor-1 added 2 tickets. Current pool size: 2
Customer-2 purchased 2 tickets. Current pool size: 0
Vendor-2 added 2 tickets. Current pool size: 2
Customer-1 purchased 2 tickets. Current pool size: 0
Vendor-1 added 2 tickets. Current pool size: 2
Customer-3 purchased 2 tickets. Current pool size: 0
Vendor-2 added 2 tickets. Current pool size: 2
Customer-2 purchased 2 tickets. Current pool size: 0
Vendor-1 added 2 tickets. Current pool size: 2
Customer-1 purchased 2 tickets. Current pool size: 0
Vendor-2 added 2 tickets. Current pool size: 2
Customer-3 purchased 2 tickets. Current pool size: 0
Vendor-1 added 2 tickets. Current pool size: 2
Customer-2 purchased 2 tickets. Current pool size: 0
Vendor-2 added 2 tickets. Current pool size: 2
Customer-1 purchased 2 tickets. Current pool size: 0
Vendor-1 added 2 tickets. Current pool size: 2
Customer-3 purchased 2 tickets. Current pool size: 0
Vendor-2 added 2 tickets. Current pool size: 2
Customer-2 purchased 2 tickets. Current pool size: 0
Vendor-1 added 2 tickets. Current pool size: 2
Customer-1 purchased 2 tickets. Current pool size: 0
Vendor-2 added 2 tickets. Current pool size: 2
Customer-3 purchased 2 tickets. Current pool size: 0
Vendor-1 added 2 tickets. Current pool size: 2
Customer-2 purchased 2 tickets. Current pool size: 0
Vendor-2 added 2 tickets. Current pool size: 2
Customer-1 purchased 2 tickets. Current pool size: 0
Vendor-1 added 2 tickets. Current pool size: 2
Customer-3 purchased 2 tickets. Current pool size: 0
Vendor-2 added 2 tickets. Current pool size: 2
Customer-2 purchased 2 tickets. Current pool size: 0
Vendor-1 added 2 tickets. Current pool size: 2
Customer-1 purchased 2 tickets. Current pool size: 0
Vendor-2 added 2 tickets. Current pool size: 2
Customer-3 purchased 2 tickets. Current pool size: 0
Vendor-1 added 2 tickets. Current pool size: 2
Customer-2 purchased 2 tickets. Current pool size: 0
Vendor-2 added 2 tickets. Current pool size: 2
Customer-1 purchased 2 tickets. Current pool size: 0
Vendor-1 added 2 tickets. Current pool size: 2
Customer-3 purchased 2 tickets. Current pool size: 0
Vendor-2 added 2 tickets. Current pool size: 2
Customer-2 purchased 2 tickets. Current pool size: 0
Vendor-1 added 2 tickets. Current pool size: 2
Customer-1 purchased 2 tickets. Current pool size: 0
Vendor-2 added 2 tickets. Current pool size: 2
Customer-3 purchased 2 tickets. Current pool size: 0
Vendor-1 added 2 tickets. Current pool size: 2
Customer-2 purchased 2 tickets. Current pool size: 0
Vendor-2 added 2 tickets. Current pool size: 2
Customer-1 purchased 2 tickets. Current pool size: 0
Vendor-1 added 2 tickets. Current pool size: 2
Customer-3 purchased 2 tickets. Current pool size: 0
Vendor-2 added 2 tickets. Current pool size: 2
Customer-2 purchased 2 tickets. Current pool size: 0
Vendor-1 added 2 tickets. Current pool size: 2
Customer-1 purchased 2 tickets. Current pool size: 0
Vendor-2 added 2 tickets. Current pool size: 2
Customer-3 purchased 2 tickets. Current pool size: 0
Vendor-1 added 2 tickets. Current pool size: 2
Customer-2 purchased 2 tickets. Current pool size: 0
Vendor-2 added 2 tickets. Current pool size: 2
Customer-1 purchased 2 tickets. Current pool size: 0
Vendor-1 added 2 tickets. Current pool size: 2
Customer-3 purchased 2 tickets. Current pool size: 0
Vendor-2 added 2 tickets. Current pool size: 2
Customer-2 purchased 2 tickets. Current pool size: 0
Vendor-1 added 2 tickets. Current pool size: 2
Customer-1 purchased 2 tickets. Current pool size: 0
Vendor-2 added 2 tickets. Current pool size: 2
Customer-3 purchased 2 tickets. Current pool size: 0
Vendor-1 added 2 tickets. Current pool size: 2
Customer-2 purchased 2 tickets. Current pool size: 0
Vendor-2 added 2 tickets. Current pool size: 2
Customer-1 purchased 2 tickets. Current pool size: 0
Vendor-1 added 2 tickets. Current pool size: 2
Customer-3 purchased 2 tickets. Current pool size: 0
Vendor-2 added 2 tickets. Current pool size: 2
Customer-2 purchased 2 tickets. Current pool size: 0
Vendor-1 added 2 tickets. Current pool size: 2
Customer-1 purchased 2 tickets. Current pool size: 0
Vendor-2 added 2 tickets. Current pool size: 2
Customer-3 purchased 2 tickets. Current pool size: 0
Vendor-1 added 2 tickets. Current pool size: 2
Customer-2 purchased 2 tickets. Current pool size: 0
Vendor-2 added 2 tickets. Current pool size: 2
Customer-1 purchased 2 tickets. Current pool size: 0
Vendor-1 added 2 tickets. Current pool size: 2
Customer-3 purchased 2 tickets. Current pool size: 0
Vendor-2 added 2 tickets. Current pool size: 2
Customer-2 purchased 2 tickets. Current pool size: 0
Vendor-1 added 2 tickets. Current pool size: 2
Customer-1 purchased 2 tickets. Current pool size: 0
Vendor-2 added 2 tickets. Current pool size: 2
Customer-3 purchased 2 tickets. Current pool size: 0
Vendor-1 added 2 tickets. Current pool size: 2
Customer-2 purchased 2 tickets. Current pool size: 0
Vendor-2 added 2 tickets. Current pool size: 2
Customer-1 purchased 2 tickets. Current pool size: 0
Vendor-1 added 2 tickets. Current pool size: 2
Customer-3 purchased 2 tickets. Current pool size: 0
Vendor-2 added 2 tickets. Current pool size: 2
Customer-2 purchased 2 tickets. Current pool size: 0
Vendor-1 added 2 tickets. Current pool size: 2
Customer-1 purchased 2 tickets. Current pool size: 0
Vendor-2 added 2 tickets. Current pool size: 2
Customer-3 purchased 2 tickets. Current pool size: 0
Vendor-1 added 2 tickets. Current pool size: 2
Customer-2 purchased 2 tickets. Current pool size: 0
Vendor-2 added 2 tickets. Current pool size: 2
Customer-1 purchased 2 tickets. Current pool size: 0
Vendor-1 added 2 tickets. Current pool size: 2
Customer-3 purchased 2 tickets. Current pool size: 0
Vendor-2 added 2 tickets. Current pool size: 2
Customer-2 purchased 2 tickets. Current pool size: 0
Vendor-1 added 2 tickets. Current pool size: 2
Customer-1 purchased 2 tickets. Current pool size: 0
Vendor-2 added 2 tickets. Current pool size: 2
Customer-3 purchased 2 tickets. Current pool size: 0
Vendor-1 added 2 tickets. Current pool size: 2
Customer-2 purchased 2 tickets. Current pool size: 0
Vendor-2 added 2 tickets. Current pool size: 2
Customer-1 purchased 2 tickets. Current pool size: 0
Vendor-1 added 2 tickets. Current pool size: 2
Customer-3 purchased 2 tickets. Current pool size: 0
Vendor-2 added 2 tickets. Current pool size: 2
Customer-2 purchased 2 tickets. Current pool size: 0
Vendor-1 added 2 tickets. Current pool size: 2
Customer-1 purchased 2 tickets. Current pool size: 0
Vendor-2 added 2 tickets. Current pool size: 2
Customer-3 purchased 2 tickets. Current pool size: 0
Vendor-1 added 2 tickets. Current pool size: 2
Customer-2 purchased 2 tickets. Current pool size: 0
Vendor-2 added 2 tickets. Current pool size: 2
Customer-1 purchased 2 tickets. Current pool size: 0
Vendor-1 added 2 tickets. Current pool size: 2
Customer-3 purchased 2 tickets. Current pool size: 0
Vendor-2 added 2 tickets. Current pool size: 2
Customer-2 purchased 2 tickets. Current pool size: 0
Vendor-1 added 2 tickets. Current pool size: 2
Customer-1 purchased 2 tickets. Current pool size: 0
Vendor-2 added 2 tickets. Current pool size: 2
Customer-3 purchased 2 tickets. Current pool size: 0
Vendor-1 added 2 tickets. Current pool size: 2
Customer-2 purchased 2 tickets. Current pool size: 0
Vendor-2 added 2 tickets. Current pool size: 2
Customer-1 purchased 2 tickets. Current pool size: 0
Vendor-1 added 2 tickets. Current pool size: 2
Customer-3 purchased 2 tickets. Current pool size: 0
Vendor-2 added 2 tickets. Current pool size: 2
Customer-2 purchased 2 tickets. Current pool size: 0
Vendor-1 added 2 tickets. Current pool size: 2
Customer-1 purchased 2 tickets. Current pool size: 0
Vendor-2 added 2 tickets. Current pool size: 2
Customer-3 purchased 2 tickets. Current pool size: 0
Vendor-1 added 2 tickets. Current pool size: 2
Customer-2 purchased 2 tickets. Current pool size: 0
Vendor-2 added 2 tickets. Current pool size: 2
Customer-1 purchased 2 tickets. Current pool size: 0
Vendor-1 added 2 tickets. Current pool size: 2
Customer-3 purchased 2 tickets. Current pool size: 0
Vendor-2 added 2 tickets. Current pool size: 2
Customer-2 purchased 2 tickets. Current pool size: 0
Vendor-1 added 2 tickets. Current pool size: 2
Customer-1 purchased 2 tickets. Current pool size: 0
Vendor-2 added 2 tickets. Current pool size: 2
Customer-3 purchased 2 tickets. Current pool size: 0
Vendor-1 added 2 tickets. Current pool size: 2
Customer-2 purchased 2 tickets. Current pool size: 0
Vendor-2 added 2 tickets. Current pool size: 2
Customer-1 purchased 2 tickets. Current pool size: 0
Vendor-1 added 2 tickets. Current pool size: 2
Customer-3 purchased 2 tickets. Current pool size: 0
Vendor-2 added 2 tickets. Current pool size: 2
Customer-2 purchased 2 tickets. Current pool size: 0
Vendor-1 added 2 tickets. Current pool size: 2
Customer-1 purchased 2 tickets. Current pool size: 0
Vendor-2 added 2 tickets. Current pool size: 2
Customer-3 purchased 2 tickets. Current pool size: 0
Vendor-1 added 2 tickets. Current pool size: 2
Customer-2 purchased 2 tickets. Current pool size: 0
Vendor-2 added 2 tickets. Current pool size: 2
Customer-1 purchased 2 tickets. Current pool size: 0
Vendor-1 added 2 tickets. Current pool size: 2
Customer-3 purchased 2 tickets. Current pool size: 0
Vendor-2 added 2 tickets. Current pool size: 2
Customer-2 purchased 2 tickets. Current pool size: 0
Vendor-1 added 2 tickets. Current pool size: 2
Customer-1 purchased 2 tickets. Current pool size: 0
Vendor-2 added 2 tickets. Current pool size: 2
Customer-3 purchased 2 tickets. Current pool size: 0
Vendor-1 added 2 tickets. Current pool size: 2
Customer-2 purchased 2 tickets. Current pool size: 0
Vendor-2 added 2 tickets. Current pool size: 2
Customer-1 purchased 2 tickets. Current pool size: 0
Vendor-1 added 2 tickets. Current pool size: 2
Customer-3 purchased 2 tickets. Current pool size: 0
Vendor-2 added 2 tickets. Current pool size: 2
Customer-2 purchased 2 tickets. Current pool size: 0
